\BOOKMARK [0][-]{chapter*.2}{S\233owniczek}{}% 1
\BOOKMARK [0][-]{chapter.1}{Wprowadzenie}{}% 2
\BOOKMARK [1][-]{section.1.1}{Rozw\363j sieci drogowej w Polsce}{chapter.1}% 3
\BOOKMARK [1][-]{section.1.2}{Miejsca Obs\233ugi Podr\363znych}{chapter.1}% 4
\BOOKMARK [1][-]{section.1.3}{Problemy zwiazane z budowa MOP-\363w}{chapter.1}% 5
\BOOKMARK [1][-]{section.1.4}{Symulacja ruchu drogowego w Polsce}{chapter.1}% 6
\BOOKMARK [1][-]{section.1.5}{cos o mopniku}{chapter.1}% 7
\BOOKMARK [1][-]{section.1.6}{Zajetosc MOP-\363w i dostepne us\233ugi}{chapter.1}% 8
\BOOKMARK [0][-]{chapter.2}{Mopnik}{}% 9
\BOOKMARK [1][-]{section.2.1}{Podejscie wprost}{chapter.2}% 10
\BOOKMARK [1][-]{section.2.2}{Metody wykorzystujace teorie G\233ombaskiego}{chapter.2}% 11
\BOOKMARK [1][-]{section.2.3}{Metody wykorzystujace w\233asnosci fetor\363w }{chapter.2}% 12
\BOOKMARK [0][-]{chapter.3}{Mopsim}{}% 13
\BOOKMARK [0][-]{chapter.4}{Mopsik}{}% 14
\BOOKMARK [1][-]{section.4.1}{Przypadki uzycia}{chapter.4}% 15
\BOOKMARK [0][-]{chapter.5}{Dokumentacja uzytkowa i opis implementacji}{}% 16
\BOOKMARK [0][-]{chapter.6}{Podsumowanie}{}% 17
\BOOKMARK [1][-]{section.6.1}{Perspektywy wykorzystania w przemysle}{chapter.6}% 18
\BOOKMARK [0][-]{appendix.A}{G\233\363wna petla programu zapisana w jezyku ToFoo}{}% 19
\BOOKMARK [0][-]{appendix.B}{Przyk\233adowe dane wejsciowe algorytmu}{}% 20
\BOOKMARK [0][-]{appendix.C}{Przyk\233adowe wyniki blabalizy \(ze wsp\363\233czynnikami -\)}{}% 21
\BOOKMARK [0][-]{appendix*.3}{Bibliografia}{}% 22
